Line 99: Class Client.cmd of control btn was not a loaded control class.
Line 139: Class Client.cmd of control btn was not a loaded control class.
Line 107: The property name _ExtentX in btn is invalid.
Line 108: The property name _ExtentY in btn is invalid.
Line 109: The property name BTYPE in btn is invalid.
Line 110: The property name TX in btn is invalid.
Line 111: The property name ENAB in btn is invalid.
Line 121: The property name COLTYPE in btn is invalid.
Line 122: The property name FOCUSR in btn is invalid.
Line 123: The property name BCOL in btn is invalid.
Line 124: The property name BCOLO in btn is invalid.
Line 125: The property name FCOL in btn is invalid.
Line 126: The property name FCOLO in btn is invalid.
Line 127: The property name MCOL in btn is invalid.
Line 128: The property name MPTR in btn is invalid.
Line 129: The property name MICON in btn is invalid.
Line 130: The property name UMCOL in btn is invalid.
Line 131: The property name SOFT in btn is invalid.
Line 132: The property name PICPOS in btn is invalid.
Line 133: The property name NGREY in btn is invalid.
Line 134: The property name FX in btn is invalid.
Line 135: The property name HAND in btn is invalid.
Line 136: The property name CHECK in btn is invalid.
Line 137: The property name VALUE in btn is invalid.
Line 147: The property name _ExtentX in btn is invalid.
Line 148: The property name _ExtentY in btn is invalid.
Line 149: The property name BTYPE in btn is invalid.
Line 150: The property name TX in btn is invalid.
Line 151: The property name ENAB in btn is invalid.
Line 161: The property name COLTYPE in btn is invalid.
Line 162: The property name FOCUSR in btn is invalid.
Line 163: The property name BCOL in btn is invalid.
Line 164: The property name BCOLO in btn is invalid.
Line 165: The property name FCOL in btn is invalid.
Line 166: The property name FCOLO in btn is invalid.
Line 167: The property name MCOL in btn is invalid.
Line 168: The property name MPTR in btn is invalid.
Line 169: The property name MICON in btn is invalid.
Line 170: The property name UMCOL in btn is invalid.
Line 171: The property name SOFT in btn is invalid.
Line 172: The property name PICPOS in btn is invalid.
Line 173: The property name NGREY in btn is invalid.
Line 174: The property name FX in btn is invalid.
Line 175: The property name HAND in btn is invalid.
Line 176: The property name CHECK in btn is invalid.
Line 177: The property name VALUE in btn is invalid.
