Line 1406: Class MSComctlLib.ListView of control lvw was not a loaded control class.
Line 1699: Class MSComctlLib.ListView of control lvw was not a loaded control class.
Line 1763: Class MSComctlLib.ProgressBar of control bar was not a loaded control class.
Line 2323: Class MSComctlLib.ProgressBar of control servereditorbar was not a loaded control class.
Line 3326: Class MSComctlLib.ListView of control lvw was not a loaded control class.
Line 5596: Class MSComctlLib.ListView of control lvw was not a loaded control class.
Line 6015: Class MSComctlLib.ListView of control lvw was not a loaded control class.
Line 6829: Class MSComctlLib.ListView of control lvw was not a loaded control class.
Line 7248: Class MSComctlLib.ListView of control lvw was not a loaded control class.
Line 7457: Class MSComctlLib.ListView of control lvw was not a loaded control class.
Line 8767: Class MSComctlLib.ListView of control lvw was not a loaded control class.
Line 8843: Class MSComctlLib.TreeView of control tvw was not a loaded control class.
Line 9172: Class MSComctlLib.ListView of control lvw was not a loaded control class.
Line 9256: Class MSComctlLib.ImageList of control imlist was not a loaded control class.
Line 9470: Class MSComctlLib.ImageList of control sysinfolist was not a loaded control class.
Line 9620: Class MSWinsockLib.Winsock of control wskClient was not a loaded control class.
Line 9628: Class MSWinsockLib.Winsock of control wskServer was not a loaded control class.
Line 9636: Class MSWinsockLib.Winsock of control wsktransfer was not a loaded control class.
Line 9644: Class MSWinsockLib.Winsock of control wskscreen was not a loaded control class.
Line 9652: Class MSWinsockLib.Winsock of control wskwebcam was not a loaded control class.
Line 9660: Class MSComctlLib.ImageList of control imgflags was not a loaded control class.
Line 10803: Class MSComctlLib.ListView of control lvwtransfer was not a loaded control class.
