Line 18: Cannot load control cmdCryptFile; license not found.
Line 18: Cannot load control cmdCryptFile; license not found.
Line 32: Cannot load control cmdAbout; license not found.
Line 46: Cannot load control cmdLogout; license not found.
Line 60: Cannot load control GroupBox1; license not found.
Line 72: Cannot load control lvFiles; license not found.
Line 105: Cannot load control GroupBox2; license not found.
Line 131: Cannot load control txtFile; license not found.
Line 156: Cannot load control cmdBFile; license not found.
Line 170: Cannot load control GroupBox3; license not found.
Line 196: Cannot load control txtKey; license not found.
Line 221: Cannot load control cmdKeyGen; license not found.
Line 235: Cannot load control GroupBox4; license not found.
Line 261: Cannot load control rDES; license not found.
Line 275: Cannot load control rTEA; license not found.
Line 288: Cannot load control rRin; license not found.
Line 302: Cannot load control GroupBox5; license not found.
Line 314: Cannot load control PushButton1; license not found.
Line 341: Cannot load control cWire; license not found.
Line 355: Cannot load control cDebugger; license not found.
Line 369: Cannot load control cUSB; license not found.
Line 383: Cannot load control cIcon; license not found.
Line 397: Cannot load control cBinder; license not found.
Line 411: Cannot load control PushButton2; license not found.
Line 424: Cannot load control PushButton3; license not found.
Line 437: Cannot load control PushButton4; license not found.
Line 450: Cannot load control PushButton5; license not found.
Line 464: Cannot load control GroupBox6; license not found.
Line 491: Cannot load control txtIcon; license not found.
Line 516: Cannot load control cmdBIcon; license not found.
Line 532: Cannot load control grpAbout; license not found.
Line 604: Cannot load control cmdl; license not found.
